=== Daily import started at 2026-07-22 11:38:34 ===
--- Running import_asin_ip.py ---
Downloading latest dataset from https://github.com/sapics/ip-location-db/releases/download/latest/origin-asn-ipv4-num.csv...
File successfully saved locally to: csv/geolite2-asn-ipv4-num.csv
Successfully downloaded and saved locally to: csv/geolite2-asn-ipv4-num.csv
Importing 435328 rows into 'asin' table...
Data imported. Reindexing and applying primary keys...
Update routine completely finished successfully!
--- Completed import_asin_ip.py ---

--- Running import_asin_ipv6.py ---
Downloading latest dataset from https://github.com/sapics/ip-location-db/releases/download/latest/origin-asn-ipv6-num.csv...
File successfully saved locally to: csv/origin-asn-ipv6-num.csv
Successfully downloaded and saved locally to: csv/origin-asn-ipv6-num.csv
Importing 126308 rows into 'asin_v6' table...
Data imported. Reindexing and applying primary keys...
Update routine completely finished successfully!
--- Completed import_asin_ipv6.py ---

--- Running import_city_ip.py ---
Downloading and decompressing dataset from https://github.com/sapics/ip-location-db/releases/download/latest/geolite2-city-ipv4-num.csv.gz...
Successfully decompressed and saved locally to: csv/geolite2-city-ipv4-num.csv.gz
Importing 2540268 rows into 'city' table...
Data imported. Reindexing and applying primary keys...
Update routine completely finished successfully!
--- Completed import_city_ip.py ---

--- Running import_city_ipv6.py ---
Downloading and decompressing dataset from https://github.com/sapics/ip-location-db/releases/download/latest/geolite2-city-ipv6-num.csv.gz...
Successfully decompressed and saved locally to: csv/geolite2-city-ipv6-num.csv.gz
Importing 1023337 rows into 'city_v6' table...
Data imported. Reindexing and applying primary keys...
Update routine completely finished successfully!
--- Completed import_city_ipv6.py ---

--- Running import_country_ip.py ---
Downloading latest dataset from https://github.com/sapics/ip-location-db/releases/download/latest/geolite2-country-ipv4-num.csv...
Error downloading file: Remote end closed connection without response
Traceback (most recent call last):
  File "/home/hp/Desktop/PYTHON/IP2COUNTRY/import_country_ip.py", line 25, in <module>
    urllib.request.urlretrieve(URL_PATH, FILE_PATH)
  File "/usr/lib/python3.12/urllib/request.py", line 240, in urlretrieve
    with contextlib.closing(urlopen(url, data)) as fp:
                            ^^^^^^^^^^^^^^^^^^
  File "/usr/lib/python3.12/urllib/request.py", line 215, in urlopen
    return opener.open(url, data, timeout)
           ^^^^^^^^^^^^^^^^^^^^^^^^^^^^^^^
  File "/usr/lib/python3.12/urllib/request.py", line 515, in open
    response = self._open(req, data)
               ^^^^^^^^^^^^^^^^^^^^^
  File "/usr/lib/python3.12/urllib/request.py", line 532, in _open
    result = self._call_chain(self.handle_open, protocol, protocol +
             ^^^^^^^^^^^^^^^^^^^^^^^^^^^^^^^^^^^^^^^^^^^^^^^^^^^^^^^
  File "/usr/lib/python3.12/urllib/request.py", line 492, in _call_chain
    result = func(*args)
             ^^^^^^^^^^^
  File "/usr/lib/python3.12/urllib/request.py", line 1392, in https_open
    return self.do_open(http.client.HTTPSConnection, req,
           ^^^^^^^^^^^^^^^^^^^^^^^^^^^^^^^^^^^^^^^^^^^^^^
  File "/usr/lib/python3.12/urllib/request.py", line 1348, in do_open
    r = h.getresponse()
        ^^^^^^^^^^^^^^^
  File "/usr/lib/python3.12/http/client.py", line 1457, in getresponse
    response.begin()
  File "/usr/lib/python3.12/http/client.py", line 336, in begin
    version, status, reason = self._read_status()
                              ^^^^^^^^^^^^^^^^^^^
  File "/usr/lib/python3.12/http/client.py", line 305, in _read_status
    raise RemoteDisconnected("Remote end closed connection without"
http.client.RemoteDisconnected: Remote end closed connection without response
ERROR: import_country_ip.py failed
