=== Daily import started at 2026-07-01 07:57:57 ===
--- Running import_asin_ip.py ---
Downloading latest dataset from https://github.com/sapics/ip-location-db/releases/download/latest/origin-asn-ipv4-num.csv...
File successfully saved locally to: csv/geolite2-asn-ipv4-num.csv
Successfully downloaded and saved locally to: csv/geolite2-asn-ipv4-num.csv
Importing 429537 rows into 'asin' table...
Data imported. Reindexing and applying primary keys...
Update routine completely finished successfully!
--- Completed import_asin_ip.py ---

--- Running import_asin_ipv6.py ---
Downloading latest dataset from https://github.com/sapics/ip-location-db/releases/download/latest/origin-asn-ipv6-num.csv...
File successfully saved locally to: csv/origin-asn-ipv6-num.csv
Successfully downloaded and saved locally to: csv/origin-asn-ipv6-num.csv
Importing 125202 rows into 'asin_v6' table...
Data imported. Reindexing and applying primary keys...
Update routine completely finished successfully!
--- Completed import_asin_ipv6.py ---

--- Running import_city_ip.py ---
Downloading and decompressing dataset from https://github.com/sapics/ip-location-db/releases/download/latest/geolite2-city-ipv4-num.csv.gz...
Successfully decompressed and saved locally to: csv/geolite2-city-ipv4-num.csv.gz
Importing 2548192 rows into 'city' table...
Data imported. Reindexing and applying primary keys...
Update routine completely finished successfully!
--- Completed import_city_ip.py ---

--- Running import_city_ipv6.py ---
Downloading and decompressing dataset from https://github.com/sapics/ip-location-db/releases/download/latest/geolite2-city-ipv6-num.csv.gz...
Successfully decompressed and saved locally to: csv/geolite2-city-ipv6-num.csv.gz
Importing 1023125 rows into 'city_v6' table...
Data imported. Reindexing and applying primary keys...
Update routine completely finished successfully!
--- Completed import_city_ipv6.py ---

--- Running import_country_ip.py ---
Downloading latest dataset from https://github.com/sapics/ip-location-db/releases/download/latest/geolite2-country-ipv4-num.csv...
File successfully saved locally to: csv/geolite2-country-ipv4-num.csv
Successfully downloaded and saved locally to: csv/geolite2-country-ipv4-num.csv
Importing 352507 rows into 'country' table...
Data imported. Reindexing and applying primary keys...
Update routine completely finished successfully!
--- Completed import_country_ip.py ---

--- Running import_country_ipv6.py ---
Downloading latest dataset from https://github.com/sapics/ip-location-db/releases/download/latest/geolite2-country-ipv6-num.csv...
File successfully saved locally to: csv/geolite2-country-ipv6-num.csv
Successfully downloaded and saved locally to: csv/geolite2-country-ipv6-num.csv
Importing 252901 rows into 'country_v6' table...
Data imported. Reindexing and applying primary keys...
Update routine completely finished successfully!
--- Completed import_country_ipv6.py ---

=== Daily import finished at 2026-07-01 08:03:47 ===
